{"level":"error","message":"Error finding all employees!","service":"user-service","timestamp":"2022-07-12T11:45:32.021Z"}
{"level":"error","message":"Error while featching an employee record!","service":"user-service","timestamp":"2022-07-12T11:59:30.025Z"}
{"level":"error","message":"Error while featching an employee record!","service":"user-service","timestamp":"2022-07-12T12:26:09.227Z"}
{"level":"error","message":"Error while featching an employee record!","service":"user-service","timestamp":"2022-07-12T12:27:48.769Z"}
{"level":"error","message":"Error while featching an employee record!","service":"user-service","timestamp":"2022-07-12T12:28:49.706Z"}
{"level":"error","message":"Error while featching an employee record!","service":"user-service","timestamp":"2022-07-12T12:30:51.718Z"}
{"level":"error","message":"Error while featching an employee record!","service":"user-service","timestamp":"2022-07-12T12:31:59.475Z"}
{"level":"error","message":"Error finding all employees!","service":"user-service","timestamp":"2022-07-12T12:33:03.497Z"}
{"level":"error","message":"Error finding all employees!","service":"user-service","timestamp":"2022-07-12T12:33:45.548Z"}
{"level":"error","message":"Error while featching an employee record!","service":"user-service","timestamp":"2022-07-12T12:34:51.320Z"}
{"level":"error","message":"Error while featching an employee record!","service":"user-service","timestamp":"2022-07-12T12:35:32.220Z"}
{"level":"error","message":"Error while featching an employee record!","service":"user-service","timestamp":"2022-07-12T12:36:11.243Z"}
{"level":"error","message":"An error has occured while updating a document.","service":"user-service","timestamp":"2022-07-12T12:54:38.078Z"}
{"level":"error","message":"Error while adding a new employee.","service":"user-service","timestamp":"2022-07-12T12:58:10.223Z"}
{"level":"error","message":"Error while deleting","service":"user-service","timestamp":"2022-07-12T13:03:15.970Z"}
{"level":"error","message":"Error while featching an employee record!","service":"user-service","timestamp":"2022-07-12T13:05:48.042Z"}
{"level":"error","message":"Error while deleting","service":"user-service","timestamp":"2022-07-12T13:08:09.576Z"}
{"level":"error","message":"Error while deleting","service":"user-service","timestamp":"2022-07-12T13:09:15.423Z"}
{"level":"error","message":"Error while deleting","service":"user-service","timestamp":"2022-07-12T13:09:24.040Z"}
{"level":"error","message":"Error while featching an employee record!","service":"user-service","timestamp":"2022-07-12T13:10:58.696Z"}
{"level":"error","message":"Error while deleting","service":"user-service","timestamp":"2022-07-12T13:11:39.421Z"}
{"level":"error","message":"Error while deleting","service":"user-service","timestamp":"2022-07-12T13:11:44.471Z"}
{"level":"error","message":"Error while featching an employee record!","service":"user-service","timestamp":"2022-07-12T13:11:50.037Z"}
{"level":"error","message":"Error finding all employees!","service":"user-service","timestamp":"2022-07-12T13:15:12.257Z"}
{"level":"error","message":"Error while featching an employee record!","service":"user-service","timestamp":"2022-07-12T13:18:29.514Z"}
{"level":"error","message":"Error while featching an employee record!","service":"user-service","timestamp":"2022-07-12T13:19:34.412Z"}
{"level":"error","message":"Error while featching an employee record!","service":"user-service","timestamp":"2022-07-12T13:19:37.564Z"}
{"level":"error","message":"Error while featching an employee record!","service":"user-service","timestamp":"2022-07-12T13:19:43.803Z"}
{"level":"error","message":"Error while adding a new employee.","service":"user-service","timestamp":"2022-07-12T13:21:14.556Z"}
{"level":"error","message":"Error while featching an employee record!","service":"user-service","timestamp":"2022-07-12T13:22:35.876Z"}
{"level":"error","message":"Error while adding a new employee.","service":"user-service","timestamp":"2022-07-12T13:33:28.710Z"}
{"level":"error","message":"Error while featching an employee record!","service":"user-service","timestamp":"2022-07-12T13:38:31.744Z"}
{"level":"error","message":"Error while featching an employee record!","service":"user-service","timestamp":"2022-07-12T13:39:49.031Z"}
{"level":"error","message":"Error while featching an employee record!","service":"user-service","timestamp":"2022-07-12T13:39:53.892Z"}
{"level":"error","message":"Error while featching an employee record!","service":"user-service","timestamp":"2022-07-12T13:41:04.392Z"}
{"level":"error","message":"Error while featching an employee record!","service":"user-service","timestamp":"2022-07-12T13:45:29.005Z"}
{"level":"error","message":"Error while featching an employee record!","service":"user-service","timestamp":"2022-07-12T13:45:57.638Z"}
{"level":"error","message":"Error while featching an employee record!","service":"user-service","timestamp":"2022-07-12T13:46:47.300Z"}
{"level":"error","message":"Error while featching an employee record!","service":"user-service","timestamp":"2022-07-12T13:46:53.120Z"}
{"level":"error","message":"Error while adding a new employee.","service":"user-service","timestamp":"2022-07-12T17:29:12.070Z"}
{"level":"error","message":"Error while adding a new employee.","service":"user-service","timestamp":"2022-07-12T17:29:40.659Z"}
{"level":"error","message":"Error while featching an employee record!","service":"user-service","timestamp":"2022-07-12T17:32:12.016Z"}
{"level":"error","message":"Error while featching an employee record!","service":"user-service","timestamp":"2022-07-12T17:32:18.901Z"}
{"level":"error","message":"An error has occured while updating a document.","service":"user-service","timestamp":"2022-07-12T17:34:32.754Z"}
{"level":"error","message":"An error has occured while updating a document.","service":"user-service","timestamp":"2022-07-12T17:35:42.582Z"}
{"level":"error","message":"Error while featching an employee record!","service":"user-service","timestamp":"2022-07-12T17:36:33.377Z"}
{"level":"error","message":"An error has occured while updating a document.","service":"user-service","timestamp":"2022-07-12T17:37:24.628Z"}
{"level":"error","message":"Error while deleting","service":"user-service","timestamp":"2022-07-12T17:37:42.814Z"}
{"level":"error","message":"Error while deleting","service":"user-service","timestamp":"2022-07-12T17:37:48.237Z"}
{"level":"error","message":"Error while deleting","service":"user-service","timestamp":"2022-07-12T17:38:27.180Z"}
{"level":"error","message":"Error while adding a new employee.","service":"user-service","timestamp":"2022-07-12T17:39:31.853Z"}
{"level":"error","message":"Error while featching an employee record!","service":"user-service","timestamp":"2022-07-12T17:46:22.722Z"}
{"level":"error","message":"Error while featching an employee record!","service":"user-service","timestamp":"2022-07-12T17:46:37.944Z"}
{"level":"error","message":"Error while featching an employee record!","service":"user-service","timestamp":"2022-07-12T17:47:34.088Z"}
{"level":"error","message":"Error while adding a new employee.","service":"user-service","timestamp":"2022-07-12T17:48:10.463Z"}
{"level":"error","message":"Error while adding a new employee.","service":"user-service","timestamp":"2022-07-12T17:53:14.047Z"}
{"level":"error","message":"Error while featching an employee record!","service":"user-service","timestamp":"2022-07-12T17:53:27.351Z"}
{"level":"error","message":"An error has occured while updating a document.","service":"user-service","timestamp":"2022-07-12T17:53:37.620Z"}
{"level":"error","message":"Error while deleting","service":"user-service","timestamp":"2022-07-12T17:53:59.408Z"}
{"level":"error","message":"An error has occured while updating a document.","service":"user-service","timestamp":"2022-07-12T18:00:54.951Z"}
{"level":"error","message":"An error has occured while updating a document.","service":"user-service","timestamp":"2022-07-12T18:06:15.474Z"}
